<?xml version="1.0" encoding="UTF-8"?>
<beans xmlns="http://www.springframework.org/schema/beans"
	xmlns:xsi="http://www.w3.org/2001/XMLSchema-instance" xmlns:context="http://www.springframework.org/schema/context"
	xmlns:tx="http://www.springframework.org/schema/tx" xmlns:mongo="http://www.springframework.org/schema/data/mongo"
	xmlns:p="http://www.springframework.org/schema/p" xmlns:util="http://www.springframework.org/schema/util"
	xmlns:task="http://www.springframework.org/schema/task"
	xmlns:dubbo="http://code.alibabatech.com/schema/dubbo"
	xsi:schemaLocation="http://www.springframework.org/schema/data/mongo http://www.springframework.org/schema/data/mongo/spring-mongo-1.0.xsd
		http://www.springframework.org/schema/task http://www.springframework.org/schema/task/spring-task-3.2.xsd
		http://www.springframework.org/schema/beans http://www.springframework.org/schema/beans/spring-beans.xsd
		http://www.springframework.org/schema/util http://www.springframework.org/schema/util/spring-util-3.2.xsd
		http://www.springframework.org/schema/tx http://www.springframework.org/schema/tx/spring-tx-3.2.xsd
		http://www.springframework.org/schema/context http://www.springframework.org/schema/context/spring-context.xsd
		http://code.alibabatech.com/schema/dubbo http://code.alibabatech.com/schema/dubbo/dubbo.xsd">

	
	<bean id="propertyConfigurer" class="org.springframework.beans.factory.config.PropertyPlaceholderConfigurer">  
        <property name="locations">  
            <list>  
              <value>classpath:conf/env.properties</value>    
            </list>  
        </property>  
    </bean>
	<!-- redis config -->
	<dubbo:application name="dubbo-consumer" />
	<dubbo:registry address="zookeeper://${dubbo.zookeeper.ipAndPort}" />
	<dubbo:provider timeout="60000" retries="0" />

	<!-- dubbo service -->
	<dubbo:reference id="valueOperationsService" interface="com.sdcloud.api.cache.redis.service.ValueOperationsService" />
	<dubbo:reference id="hashOperationsService" interface="com.sdcloud.api.cache.redis.service.HashOperationsService" timeout="1000"/>
	<dubbo:reference id="moduleDefineService" interface="com.sdcloud.api.cache.redis.service.ModuleDefineService" />
	
</beans>