<?xml version="1.0" encoding="UTF-8"?>
<beans xmlns="http://www.springframework.org/schema/beans"
	xmlns:xsi="http://www.w3.org/2001/XMLSchema-instance" xmlns:context="http://www.springframework.org/schema/context"
	xmlns:tx="http://www.springframework.org/schema/tx" xmlns:dubbo="http://code.alibabatech.com/schema/dubbo"
	xsi:schemaLocation=" http://www.springframework.org/schema/beans http://www.springframework.org/schema/beans/spring-beans.xsd
      http://www.springframework.org/schema/tx http://www.springframework.org/schema/tx/spring-tx-3.1.xsd
      http://www.springframework.org/schema/context http://www.springframework.org/schema/context/spring-context-3.1.xsd
      http://code.alibabatech.com/schema/dubbo http://code.alibabatech.com/schema/dubbo/dubbo.xsd">

	<!-- Database config -->
	<bean id="dataSource" class="org.apache.commons.dbcp.BasicDataSource">
		<property name="driverClassName" value="com.mysql.jdbc.Driver" />
		<property name="url"
			value="jdbc:mysql://192.168.2.222:3306/cloud?characterEncoding=utf-8&amp;autoReconnect=true" />
		<property name="username" value="jira" />
		<property name="password" value="" />
	</bean>
	
	<bean id="sqlSessionFactory" class="org.mybatis.spring.SqlSessionFactoryBean">
		<property name="dataSource" ref="dataSource" />
		<property name="typeAliasesPackage" value="com.sdcloud.api.core.entity"></property>
		<property name="configLocation" value="" />
	</bean>

	<bean id="sqlSession" class="org.mybatis.spring.SqlSessionTemplate" scope="prototype">
		<constructor-arg index="0" ref="sqlSessionFactory" />
	</bean>
	
	<bean id="transactionManager" class="org.springframework.jdbc.datasource.DataSourceTransactionManager">
		<property name="dataSource" ref="dataSource" />
	</bean>
	
	<tx:annotation-driven transaction-manager="transactionManager" />

	<bean class="org.mybatis.spring.mapper.MapperScannerConfigurer"> 
		<property name="basePackage" value="com.sdcloud.biz.core.dao" /> 
		<property name="sqlSessionFactoryBeanName" value="sqlSessionFactory"></property> 
	</bean>

	<!-- test service impl -->
	<!-- 
	<bean id="testService" class="com.sdcloud.biz.core.service.impl.TestServiceImpl"/>
	<bean id="salesPackService" class="com.sdcloud.biz.core.service.impl.SalesPackServiceImpl"/>
	 -->
	<bean id="moduleService"       class="com.sdcloud.biz.core.service.impl.ModuleServiceImpl"/>
	<bean id="salesPackageService" class="com.sdcloud.biz.core.service.impl.SalesPackageServiceImpl"/>
	<bean id="functionService" class="com.sdcloud.biz.core.service.impl.FunctionServiceImpl"/>
	<bean id="functionRightService" class="com.sdcloud.biz.core.service.impl.FunctionRightServiceImpl"/>
	<bean id="dicService" class="com.sdcloud.biz.core.service.impl.DicServiceImpl"/>
	<bean id="formTplService" class="com.sdcloud.biz.core.service.impl.FormTemplateServiceImpl"/>
	<bean id="propTplService" class="com.sdcloud.biz.core.service.impl.PropertyTemplateServiceImpl"/>

	<bean id="orgService" class="com.sdcloud.biz.core.service.impl.OrgServiceImpl"></bean>
	<bean id="userService" class="com.sdcloud.biz.core.service.impl.UserServiceImpl"/>
	<bean id="employeeService" class="com.sdcloud.biz.core.service.impl.EmployeeSerivceImpl"></bean>
	<bean id="roleService" class="com.sdcloud.biz.core.service.impl.RoleServiceImpl"></bean>
	<bean id="tenantService" class="com.sdcloud.biz.core.service.impl.TenantServiceImpl"></bean>
</beans>